<?xml version="1.0" encoding="UTF-8"?>
<testng-results skipped="0" failed="0" ignored="0" total="2" passed="2">
  <reporter-output>
  </reporter-output>
  <suite name="Data Driven Basics" duration-ms="6251" started-at="2018-10-11T09:20:28Z" finished-at="2018-10-11T09:20:35Z">
    <groups>
    </groups>
    <test name="Bank Manager Login Test" duration-ms="3624" started-at="2018-10-11T09:20:28Z" finished-at="2018-10-11T09:20:32Z">
      <class name="com.w2a.testcases.BankManagerLoginTest">
        <test-method status="PASS" signature="LoginAsBankManager()[pri:0, instance:com.w2a.testcases.BankManagerLoginTest@42a48628]" name="LoginAsBankManager" duration-ms="3608" started-at="2018-10-11T09:20:28Z" finished-at="2018-10-11T09:20:32Z">
          <reporter-output>
          </reporter-output>
        </test-method> <!-- LoginAsBankManager -->
      </class> <!-- com.w2a.testcases.BankManagerLoginTest -->
    </test> <!-- Bank Manager Login Test -->
    <test name="Add Customer Test" duration-ms="2598" started-at="2018-10-11T09:20:32Z" finished-at="2018-10-11T09:20:35Z">
      <class name="com.w2a.testcases.AddCustomerTest">
        <test-method status="PASS" signature="setUp()[pri:0, instance:com.w2a.testcases.AddCustomerTest@55182842]" name="setUp" is-config="true" duration-ms="5531" started-at="2018-10-11T09:20:23Z" finished-at="2018-10-11T09:20:28Z">
          <reporter-output>
          </reporter-output>
        </test-method> <!-- setUp -->
        <test-method status="PASS" signature="addCustomer(java.lang.String, java.lang.String, java.lang.String, java.lang.String)[pri:0, instance:com.w2a.testcases.AddCustomerTest@55182842]" name="addCustomer" duration-ms="2584" started-at="2018-10-11T09:20:32Z" data-provider="getData" finished-at="2018-10-11T09:20:35Z">
          <params>
            <param index="0">
              <value>
                <![CDATA[Raman]]>
              </value>
            </param>
            <param index="1">
              <value>
                <![CDATA[Arora]]>
              </value>
            </param>
            <param index="2">
              <value>
                <![CDATA[234Akb]]>
              </value>
            </param>
            <param index="3">
              <value>
                <![CDATA[Customer added successfully]]>
              </value>
            </param>
          </params>
          <reporter-output>
          </reporter-output>
        </test-method> <!-- addCustomer -->
        <test-method status="PASS" signature="tearDown()[pri:0, instance:com.w2a.testcases.AddCustomerTest@55182842]" name="tearDown" is-config="true" duration-ms="667" started-at="2018-10-11T09:20:35Z" finished-at="2018-10-11T09:20:35Z">
          <reporter-output>
          </reporter-output>
        </test-method> <!-- tearDown -->
      </class> <!-- com.w2a.testcases.AddCustomerTest -->
    </test> <!-- Add Customer Test -->
  </suite> <!-- Data Driven Basics -->
</testng-results>
