<?xml version="1.0" encoding="UTF-8"?>
<testng-results skipped="0" failed="0" ignored="0" total="1" passed="1">
  <reporter-output>
  </reporter-output>
  <suite name="Data Driven Basics" duration-ms="4298" started-at="2018-10-10T13:52:22Z" finished-at="2018-10-10T13:52:27Z">
    <groups>
    </groups>
    <test name="LoginTest" duration-ms="4298" started-at="2018-10-10T13:52:22Z" finished-at="2018-10-10T13:52:27Z">
      <class name="com.w2a.testcases.LoginTest">
        <test-method status="PASS" signature="setUp()[pri:0, instance:com.w2a.testcases.LoginTest@589838eb]" name="setUp" is-config="true" duration-ms="7681" started-at="2018-10-10T13:52:15Z" finished-at="2018-10-10T13:52:22Z">
          <reporter-output>
          </reporter-output>
        </test-method> <!-- setUp -->
        <test-method status="PASS" signature="LoginAsBankManager()[pri:0, instance:com.w2a.testcases.LoginTest@589838eb]" name="LoginAsBankManager" duration-ms="4279" started-at="2018-10-10T13:52:22Z" finished-at="2018-10-10T13:52:27Z">
          <reporter-output>
          </reporter-output>
        </test-method> <!-- LoginAsBankManager -->
        <test-method status="PASS" signature="tearDown()[pri:0, instance:com.w2a.testcases.LoginTest@589838eb]" name="tearDown" is-config="true" duration-ms="735" started-at="2018-10-10T13:52:27Z" finished-at="2018-10-10T13:52:28Z">
          <reporter-output>
          </reporter-output>
        </test-method> <!-- tearDown -->
      </class> <!-- com.w2a.testcases.LoginTest -->
    </test> <!-- LoginTest -->
  </suite> <!-- Data Driven Basics -->
</testng-results>
